[0.096s] Invoking command in '/root/ws/assets/package-01/build/package-01': /usr/bin/cmake /root/ws/assets/package-01 -DCMAKE_INSTALL_PREFIX=/root/ws/assets/package-01/install/package-01
[0.180s] -- Found ament_cmake: 1.3.8 (/opt/ros/humble/share/ament_cmake/cmake)
[0.433s] Error parsing '/root/ws/assets/package-01/package.xml':
[0.434s] Traceback (most recent call last):
[0.434s]   File "/usr/local/lib/python3.10/dist-packages/catkin_pkg/package.py", line 610, in parse_package_string
[0.435s]     root = dom.parseString(data)
[0.435s]   File "/usr/lib/python3.10/xml/dom/minidom.py", line 2000, in parseString
[0.435s]     return expatbuilder.parseString(string)
[0.436s]   File "/usr/lib/python3.10/xml/dom/expatbuilder.py", line 925, in parseString
[0.436s]     return builder.parseString(string)
[0.437s]   File "/usr/lib/python3.10/xml/dom/expatbuilder.py", line 223, in parseString
[0.437s]     parser.Parse(string, True)
[0.438s] xml.parsers.expat.ExpatError: junk after document element: line 3, column 0
[0.438s] 
[0.439s] During handling of the above exception, another exception occurred:
[0.439s] 
[0.439s] Traceback (most recent call last):
[0.440s]   File "/opt/ros/humble/share/ament_cmake_core/cmake/core/package_xml_2_cmake.py", line 150, in <module>
[0.440s]     main()
[0.441s]   File "/opt/ros/humble/share/ament_cmake_core/cmake/core/package_xml_2_cmake.py", line 53, in main
[0.441s]     raise e
[0.442s]   File "/opt/ros/humble/share/ament_cmake_core/cmake/core/package_xml_2_cmake.py", line 49, in main
[0.442s]     package = parse_package_string(
[0.442s]   File "/usr/local/lib/python3.10/dist-packages/catkin_pkg/package.py", line 612, in parse_package_string
[0.443s]     raise InvalidPackage('The manifest contains invalid XML:\n%s' % ex, filename)
[0.443s] catkin_pkg.package.InvalidPackage: Error(s) in package '/root/ws/assets/package-01/package.xml':
[0.443s] The manifest contains invalid XML:
[0.444s] junk after document element: line 3, column 0
[0.445s] [31mCMake Error at /opt/ros/humble/share/ament_cmake_core/cmake/core/ament_package_xml.cmake:95 (message):
[0.445s]   execute_process(/usr/bin/python3
[0.445s]   /opt/ros/humble/share/ament_cmake_core/cmake/core/package_xml_2_cmake.py
[0.446s]   /root/ws/assets/package-01/package.xml
[0.446s]   /root/ws/assets/package-01/build/package-01/ament_cmake_core/package.cmake)
[0.447s]   returned error code 1
[0.447s] Call Stack (most recent call first):
[0.448s]   /opt/ros/humble/share/ament_cmake_core/cmake/core/ament_package_xml.cmake:49 (_ament_package_xml)
[0.448s]   /opt/ros/humble/share/ament_cmake_core/cmake/core/ament_package.cmake:63 (ament_package_xml)
[0.448s]   CMakeLists.txt:15 (ament_package)
[0.449s] 
[0.449s] [0m
[0.450s] -- Configuring incomplete, errors occurred!
[0.450s] See also "/root/ws/assets/package-01/build/package-01/CMakeFiles/CMakeOutput.log".
[0.471s] Invoked command in '/root/ws/assets/package-01/build/package-01' returned '1': /usr/bin/cmake /root/ws/assets/package-01 -DCMAKE_INSTALL_PREFIX=/root/ws/assets/package-01/install/package-01
