[0.081s] Invoking command in '/root/ws/assets/package-01/build/package-01': /usr/bin/cmake /root/ws/assets/package-01 -DCMAKE_INSTALL_PREFIX=/root/ws/assets/package-01/install/package-01
[0.110s] -- Found ament_cmake: 1.3.8 (/opt/ros/humble/share/ament_cmake/cmake)
[0.330s] Error parsing '/root/ws/assets/package-01/package.xml':
[0.330s] Traceback (most recent call last):
[0.331s]   File "/usr/local/lib/python3.10/dist-packages/catkin_pkg/package.py", line 610, in parse_package_string
[0.331s]     root = dom.parseString(data)
[0.332s]   File "/usr/lib/python3.10/xml/dom/minidom.py", line 2000, in parseString
[0.332s]     return expatbuilder.parseString(string)
[0.332s]   File "/usr/lib/python3.10/xml/dom/expatbuilder.py", line 925, in parseString
[0.333s]     return builder.parseString(string)
[0.333s]   File "/usr/lib/python3.10/xml/dom/expatbuilder.py", line 223, in parseString
[0.334s]     parser.Parse(string, True)
[0.334s] xml.parsers.expat.ExpatError: junk after document element: line 2, column 0
[0.335s] 
[0.335s] During handling of the above exception, another exception occurred:
[0.335s] 
[0.336s] Traceback (most recent call last):
[0.336s]   File "/opt/ros/humble/share/ament_cmake_core/cmake/core/package_xml_2_cmake.py", line 150, in <module>
[0.337s]     main()
[0.337s]   File "/opt/ros/humble/share/ament_cmake_core/cmake/core/package_xml_2_cmake.py", line 53, in main
[0.337s]     raise e
[0.338s]   File "/opt/ros/humble/share/ament_cmake_core/cmake/core/package_xml_2_cmake.py", line 49, in main
[0.338s]     package = parse_package_string(
[0.339s]   File "/usr/local/lib/python3.10/dist-packages/catkin_pkg/package.py", line 612, in parse_package_string
[0.339s]     raise InvalidPackage('The manifest contains invalid XML:\n%s' % ex, filename)
[0.339s] catkin_pkg.package.InvalidPackage: Error(s) in package '/root/ws/assets/package-01/package.xml':
[0.340s] The manifest contains invalid XML:
[0.340s] junk after document element: line 2, column 0
[0.341s] [31mCMake Error at /opt/ros/humble/share/ament_cmake_core/cmake/core/ament_package_xml.cmake:95 (message):
[0.342s]   execute_process(/usr/bin/python3
[0.342s]   /opt/ros/humble/share/ament_cmake_core/cmake/core/package_xml_2_cmake.py
[0.342s]   /root/ws/assets/package-01/package.xml
[0.343s]   /root/ws/assets/package-01/build/package-01/ament_cmake_core/package.cmake)
[0.343s]   returned error code 1
[0.344s] Call Stack (most recent call first):
[0.344s]   /opt/ros/humble/share/ament_cmake_core/cmake/core/ament_package_xml.cmake:49 (_ament_package_xml)
[0.344s]   /opt/ros/humble/share/ament_cmake_core/cmake/core/ament_package.cmake:63 (ament_package_xml)
[0.345s]   CMakeLists.txt:15 (ament_package)
[0.345s] 
[0.346s] [0m
[0.346s] -- Configuring incomplete, errors occurred!
[0.347s] See also "/root/ws/assets/package-01/build/package-01/CMakeFiles/CMakeOutput.log".
[0.364s] Invoked command in '/root/ws/assets/package-01/build/package-01' returned '1': /usr/bin/cmake /root/ws/assets/package-01 -DCMAKE_INSTALL_PREFIX=/root/ws/assets/package-01/install/package-01
