[0.087s] Invoking command in '/root/ws/assets/package-01/build/package-01': /usr/bin/cmake /root/ws/assets/package-01 -DCMAKE_INSTALL_PREFIX=/root/ws/assets/package-01/install/package-01
[0.118s] -- Found ament_cmake: 1.3.8 (/opt/ros/humble/share/ament_cmake/cmake)
[0.335s] Error parsing '/root/ws/assets/package-01/package.xml':
[0.336s] Traceback (most recent call last):
[0.336s]   File "/usr/local/lib/python3.10/dist-packages/catkin_pkg/package.py", line 610, in parse_package_string
[0.337s]     root = dom.parseString(data)
[0.337s]   File "/usr/lib/python3.10/xml/dom/minidom.py", line 2000, in parseString
[0.338s]     return expatbuilder.parseString(string)
[0.338s]   File "/usr/lib/python3.10/xml/dom/expatbuilder.py", line 925, in parseString
[0.338s]     return builder.parseString(string)
[0.339s]   File "/usr/lib/python3.10/xml/dom/expatbuilder.py", line 223, in parseString
[0.339s]     parser.Parse(string, True)
[0.339s] xml.parsers.expat.ExpatError: junk after document element: line 3, column 0
[0.340s] 
[0.340s] During handling of the above exception, another exception occurred:
[0.341s] 
[0.341s] Traceback (most recent call last):
[0.341s]   File "/opt/ros/humble/share/ament_cmake_core/cmake/core/package_xml_2_cmake.py", line 150, in <module>
[0.342s]     main()
[0.342s]   File "/opt/ros/humble/share/ament_cmake_core/cmake/core/package_xml_2_cmake.py", line 53, in main
[0.343s]     raise e
[0.343s]   File "/opt/ros/humble/share/ament_cmake_core/cmake/core/package_xml_2_cmake.py", line 49, in main
[0.343s]     package = parse_package_string(
[0.344s]   File "/usr/local/lib/python3.10/dist-packages/catkin_pkg/package.py", line 612, in parse_package_string
[0.344s]     raise InvalidPackage('The manifest contains invalid XML:\n%s' % ex, filename)
[0.345s] catkin_pkg.package.InvalidPackage: Error(s) in package '/root/ws/assets/package-01/package.xml':
[0.345s] The manifest contains invalid XML:
[0.346s] junk after document element: line 3, column 0
[0.346s] [31mCMake Error at /opt/ros/humble/share/ament_cmake_core/cmake/core/ament_package_xml.cmake:95 (message):
[0.346s]   execute_process(/usr/bin/python3
[0.347s]   /opt/ros/humble/share/ament_cmake_core/cmake/core/package_xml_2_cmake.py
[0.347s]   /root/ws/assets/package-01/package.xml
[0.348s]   /root/ws/assets/package-01/build/package-01/ament_cmake_core/package.cmake)
[0.348s]   returned error code 1
[0.349s] Call Stack (most recent call first):
[0.349s]   /opt/ros/humble/share/ament_cmake_core/cmake/core/ament_package_xml.cmake:49 (_ament_package_xml)
[0.350s]   /opt/ros/humble/share/ament_cmake_core/cmake/core/ament_package.cmake:63 (ament_package_xml)
[0.350s]   CMakeLists.txt:15 (ament_package)
[0.351s] 
[0.351s] [0m
[0.351s] -- Configuring incomplete, errors occurred!
[0.352s] See also "/root/ws/assets/package-01/build/package-01/CMakeFiles/CMakeOutput.log".
[0.366s] Invoked command in '/root/ws/assets/package-01/build/package-01' returned '1': /usr/bin/cmake /root/ws/assets/package-01 -DCMAKE_INSTALL_PREFIX=/root/ws/assets/package-01/install/package-01
