[0.088s] Invoking command in '/root/ws/assets/package-01/build/package-01': /usr/bin/cmake /root/ws/assets/package-01 -DCMAKE_INSTALL_PREFIX=/root/ws/assets/package-01/install/package-01
[0.120s] -- Found ament_cmake: 1.3.8 (/opt/ros/humble/share/ament_cmake/cmake)
[0.358s] Error parsing '/root/ws/assets/package-01/package.xml':
[0.359s] Traceback (most recent call last):
[0.359s]   File "/usr/local/lib/python3.10/dist-packages/catkin_pkg/package.py", line 610, in parse_package_string
[0.359s]     root = dom.parseString(data)
[0.360s]   File "/usr/lib/python3.10/xml/dom/minidom.py", line 2000, in parseString
[0.360s]     return expatbuilder.parseString(string)
[0.361s]   File "/usr/lib/python3.10/xml/dom/expatbuilder.py", line 925, in parseString
[0.361s]     return builder.parseString(string)
[0.361s]   File "/usr/lib/python3.10/xml/dom/expatbuilder.py", line 223, in parseString
[0.362s]     parser.Parse(string, True)
[0.362s] xml.parsers.expat.ExpatError: junk after document element: line 3, column 0
[0.363s] 
[0.363s] During handling of the above exception, another exception occurred:
[0.363s] 
[0.364s] Traceback (most recent call last):
[0.364s]   File "/opt/ros/humble/share/ament_cmake_core/cmake/core/package_xml_2_cmake.py", line 150, in <module>
[0.365s]     main()
[0.365s]   File "/opt/ros/humble/share/ament_cmake_core/cmake/core/package_xml_2_cmake.py", line 53, in main
[0.365s]     raise e
[0.366s]   File "/opt/ros/humble/share/ament_cmake_core/cmake/core/package_xml_2_cmake.py", line 49, in main
[0.366s]     package = parse_package_string(
[0.366s]   File "/usr/local/lib/python3.10/dist-packages/catkin_pkg/package.py", line 612, in parse_package_string
[0.367s]     raise InvalidPackage('The manifest contains invalid XML:\n%s' % ex, filename)
[0.367s] catkin_pkg.package.InvalidPackage: Error(s) in package '/root/ws/assets/package-01/package.xml':
[0.368s] The manifest contains invalid XML:
[0.368s] junk after document element: line 3, column 0
[0.369s] [31mCMake Error at /opt/ros/humble/share/ament_cmake_core/cmake/core/ament_package_xml.cmake:95 (message):
[0.369s]   execute_process(/usr/bin/python3
[0.370s]   /opt/ros/humble/share/ament_cmake_core/cmake/core/package_xml_2_cmake.py
[0.370s]   /root/ws/assets/package-01/package.xml
[0.371s]   /root/ws/assets/package-01/build/package-01/ament_cmake_core/package.cmake)
[0.371s]   returned error code 1
[0.372s] Call Stack (most recent call first):
[0.372s]   /opt/ros/humble/share/ament_cmake_core/cmake/core/ament_package_xml.cmake:49 (_ament_package_xml)
[0.373s]   /opt/ros/humble/share/ament_cmake_core/cmake/core/ament_package.cmake:63 (ament_package_xml)
[0.373s]   CMakeLists.txt:15 (ament_package)
[0.373s] 
[0.374s] [0m
[0.374s] -- Configuring incomplete, errors occurred!
[0.374s] See also "/root/ws/assets/package-01/build/package-01/CMakeFiles/CMakeOutput.log".
[0.387s] Invoked command in '/root/ws/assets/package-01/build/package-01' returned '1': /usr/bin/cmake /root/ws/assets/package-01 -DCMAKE_INSTALL_PREFIX=/root/ws/assets/package-01/install/package-01
